DEBUG - Logging initialized using 'class org.apache.ibatis.logging.slf4j.Slf4jImpl' adapter.
DEBUG - PooledDataSource forcefully closed/removed all connections.
DEBUG - PooledDataSource forcefully closed/removed all connections.
DEBUG - PooledDataSource forcefully closed/removed all connections.
DEBUG - PooledDataSource forcefully closed/removed all connections.
DEBUG - Logging initialized using 'class org.apache.ibatis.logging.slf4j.Slf4jImpl' adapter.
DEBUG - PooledDataSource forcefully closed/removed all connections.
DEBUG - PooledDataSource forcefully closed/removed all connections.
DEBUG - PooledDataSource forcefully closed/removed all connections.
DEBUG - PooledDataSource forcefully closed/removed all connections.
DEBUG - Logging initialized using 'class org.apache.ibatis.logging.slf4j.Slf4jImpl' adapter.
DEBUG - PooledDataSource forcefully closed/removed all connections.
DEBUG - PooledDataSource forcefully closed/removed all connections.
DEBUG - PooledDataSource forcefully closed/removed all connections.
DEBUG - PooledDataSource forcefully closed/removed all connections.
DEBUG - Logging initialized using 'class org.apache.ibatis.logging.slf4j.Slf4jImpl' adapter.
DEBUG - PooledDataSource forcefully closed/removed all connections.
DEBUG - PooledDataSource forcefully closed/removed all connections.
DEBUG - PooledDataSource forcefully closed/removed all connections.
DEBUG - PooledDataSource forcefully closed/removed all connections.
DEBUG - Logging initialized using 'class org.apache.ibatis.logging.slf4j.Slf4jImpl' adapter.
DEBUG - PooledDataSource forcefully closed/removed all connections.
DEBUG - PooledDataSource forcefully closed/removed all connections.
DEBUG - PooledDataSource forcefully closed/removed all connections.
DEBUG - PooledDataSource forcefully closed/removed all connections.
DEBUG - Logging initialized using 'class org.apache.ibatis.logging.slf4j.Slf4jImpl' adapter.
DEBUG - PooledDataSource forcefully closed/removed all connections.
DEBUG - PooledDataSource forcefully closed/removed all connections.
DEBUG - PooledDataSource forcefully closed/removed all connections.
DEBUG - PooledDataSource forcefully closed/removed all connections.
DEBUG - Logging initialized using 'class org.apache.ibatis.logging.slf4j.Slf4jImpl' adapter.
DEBUG - PooledDataSource forcefully closed/removed all connections.
DEBUG - PooledDataSource forcefully closed/removed all connections.
DEBUG - PooledDataSource forcefully closed/removed all connections.
DEBUG - PooledDataSource forcefully closed/removed all connections.
DEBUG - Logging initialized using 'class org.apache.ibatis.logging.slf4j.Slf4jImpl' adapter.
DEBUG - PooledDataSource forcefully closed/removed all connections.
DEBUG - PooledDataSource forcefully closed/removed all connections.
DEBUG - PooledDataSource forcefully closed/removed all connections.
DEBUG - PooledDataSource forcefully closed/removed all connections.
DEBUG - Opening JDBC Connection
DEBUG - Created connection 1389962244.
DEBUG - Setting autocommit to false on JDBC Connection [com.mysql.jdbc.JDBC4Connection@52d92404]
DEBUG - ==>  Preparing: select * from Blog where id = ? 
DEBUG - ==> Parameters: admin(String)
DEBUG - Logging initialized using 'class org.apache.ibatis.logging.slf4j.Slf4jImpl' adapter.
DEBUG - PooledDataSource forcefully closed/removed all connections.
DEBUG - PooledDataSource forcefully closed/removed all connections.
DEBUG - PooledDataSource forcefully closed/removed all connections.
DEBUG - PooledDataSource forcefully closed/removed all connections.
DEBUG - Opening JDBC Connection
DEBUG - Created connection 768322842.
DEBUG - Setting autocommit to false on JDBC Connection [com.mysql.jdbc.JDBC4Connection@2dcbad1a]
DEBUG - ==>  Preparing: select * from user where id = ? 
DEBUG - ==> Parameters: admin(String)
DEBUG - <==      Total: 1
DEBUG - Resetting autocommit to true on JDBC Connection [com.mysql.jdbc.JDBC4Connection@2dcbad1a]
DEBUG - Closing JDBC Connection [com.mysql.jdbc.JDBC4Connection@2dcbad1a]
DEBUG - Returned connection 768322842 to pool.
DEBUG - Logging initialized using 'class org.apache.ibatis.logging.slf4j.Slf4jImpl' adapter.
DEBUG - PooledDataSource forcefully closed/removed all connections.
DEBUG - PooledDataSource forcefully closed/removed all connections.
DEBUG - PooledDataSource forcefully closed/removed all connections.
DEBUG - PooledDataSource forcefully closed/removed all connections.
DEBUG - Opening JDBC Connection
DEBUG - Created connection 1389962244.
DEBUG - Setting autocommit to false on JDBC Connection [com.mysql.jdbc.JDBC4Connection@52d92404]
DEBUG - ==>  Preparing: select * from user where id = ? 
DEBUG - ==> Parameters: admin(String)
DEBUG - <==      Total: 1
DEBUG - Resetting autocommit to true on JDBC Connection [com.mysql.jdbc.JDBC4Connection@52d92404]
DEBUG - Closing JDBC Connection [com.mysql.jdbc.JDBC4Connection@52d92404]
DEBUG - Returned connection 1389962244 to pool.
DEBUG - Logging initialized using 'class org.apache.ibatis.logging.slf4j.Slf4jImpl' adapter.
DEBUG - PooledDataSource forcefully closed/removed all connections.
DEBUG - PooledDataSource forcefully closed/removed all connections.
DEBUG - PooledDataSource forcefully closed/removed all connections.
DEBUG - PooledDataSource forcefully closed/removed all connections.
DEBUG - Logging initialized using 'class org.apache.ibatis.logging.slf4j.Slf4jImpl' adapter.
DEBUG - PooledDataSource forcefully closed/removed all connections.
DEBUG - PooledDataSource forcefully closed/removed all connections.
DEBUG - PooledDataSource forcefully closed/removed all connections.
DEBUG - PooledDataSource forcefully closed/removed all connections.
DEBUG - Logging initialized using 'class org.apache.ibatis.logging.slf4j.Slf4jImpl' adapter.
DEBUG - PooledDataSource forcefully closed/removed all connections.
DEBUG - PooledDataSource forcefully closed/removed all connections.
DEBUG - PooledDataSource forcefully closed/removed all connections.
DEBUG - PooledDataSource forcefully closed/removed all connections.
DEBUG - Logging initialized using 'class org.apache.ibatis.logging.slf4j.Slf4jImpl' adapter.
DEBUG - PooledDataSource forcefully closed/removed all connections.
DEBUG - PooledDataSource forcefully closed/removed all connections.
DEBUG - PooledDataSource forcefully closed/removed all connections.
DEBUG - PooledDataSource forcefully closed/removed all connections.
DEBUG - Logging initialized using 'class org.apache.ibatis.logging.slf4j.Slf4jImpl' adapter.
DEBUG - PooledDataSource forcefully closed/removed all connections.
DEBUG - PooledDataSource forcefully closed/removed all connections.
DEBUG - PooledDataSource forcefully closed/removed all connections.
DEBUG - PooledDataSource forcefully closed/removed all connections.
DEBUG - Logging initialized using 'class org.apache.ibatis.logging.slf4j.Slf4jImpl' adapter.
DEBUG - PooledDataSource forcefully closed/removed all connections.
DEBUG - PooledDataSource forcefully closed/removed all connections.
DEBUG - PooledDataSource forcefully closed/removed all connections.
DEBUG - PooledDataSource forcefully closed/removed all connections.
DEBUG - Logging initialized using 'class org.apache.ibatis.logging.slf4j.Slf4jImpl' adapter.
DEBUG - PooledDataSource forcefully closed/removed all connections.
DEBUG - PooledDataSource forcefully closed/removed all connections.
DEBUG - PooledDataSource forcefully closed/removed all connections.
DEBUG - PooledDataSource forcefully closed/removed all connections.
DEBUG - Logging initialized using 'class org.apache.ibatis.logging.slf4j.Slf4jImpl' adapter.
DEBUG - PooledDataSource forcefully closed/removed all connections.
DEBUG - PooledDataSource forcefully closed/removed all connections.
DEBUG - PooledDataSource forcefully closed/removed all connections.
DEBUG - PooledDataSource forcefully closed/removed all connections.
DEBUG - Logging initialized using 'class org.apache.ibatis.logging.slf4j.Slf4jImpl' adapter.
DEBUG - PooledDataSource forcefully closed/removed all connections.
DEBUG - PooledDataSource forcefully closed/removed all connections.
DEBUG - PooledDataSource forcefully closed/removed all connections.
DEBUG - PooledDataSource forcefully closed/removed all connections.
DEBUG - Logging initialized using 'class org.apache.ibatis.logging.slf4j.Slf4jImpl' adapter.
DEBUG - PooledDataSource forcefully closed/removed all connections.
DEBUG - PooledDataSource forcefully closed/removed all connections.
DEBUG - PooledDataSource forcefully closed/removed all connections.
DEBUG - PooledDataSource forcefully closed/removed all connections.
DEBUG - Logging initialized using 'class org.apache.ibatis.logging.slf4j.Slf4jImpl' adapter.
DEBUG - PooledDataSource forcefully closed/removed all connections.
DEBUG - PooledDataSource forcefully closed/removed all connections.
DEBUG - PooledDataSource forcefully closed/removed all connections.
DEBUG - PooledDataSource forcefully closed/removed all connections.
DEBUG - Logging initialized using 'class org.apache.ibatis.logging.slf4j.Slf4jImpl' adapter.
DEBUG - PooledDataSource forcefully closed/removed all connections.
DEBUG - PooledDataSource forcefully closed/removed all connections.
DEBUG - PooledDataSource forcefully closed/removed all connections.
DEBUG - PooledDataSource forcefully closed/removed all connections.
DEBUG - Logging initialized using 'class org.apache.ibatis.logging.slf4j.Slf4jImpl' adapter.
DEBUG - PooledDataSource forcefully closed/removed all connections.
DEBUG - PooledDataSource forcefully closed/removed all connections.
DEBUG - PooledDataSource forcefully closed/removed all connections.
DEBUG - PooledDataSource forcefully closed/removed all connections.
DEBUG - Logging initialized using 'class org.apache.ibatis.logging.slf4j.Slf4jImpl' adapter.
DEBUG - PooledDataSource forcefully closed/removed all connections.
DEBUG - PooledDataSource forcefully closed/removed all connections.
DEBUG - PooledDataSource forcefully closed/removed all connections.
DEBUG - PooledDataSource forcefully closed/removed all connections.
DEBUG - Logging initialized using 'class org.apache.ibatis.logging.slf4j.Slf4jImpl' adapter.
DEBUG - PooledDataSource forcefully closed/removed all connections.
DEBUG - PooledDataSource forcefully closed/removed all connections.
DEBUG - PooledDataSource forcefully closed/removed all connections.
DEBUG - PooledDataSource forcefully closed/removed all connections.
DEBUG - Logging initialized using 'class org.apache.ibatis.logging.slf4j.Slf4jImpl' adapter.
DEBUG - PooledDataSource forcefully closed/removed all connections.
DEBUG - PooledDataSource forcefully closed/removed all connections.
DEBUG - PooledDataSource forcefully closed/removed all connections.
DEBUG - PooledDataSource forcefully closed/removed all connections.
DEBUG - Logging initialized using 'class org.apache.ibatis.logging.slf4j.Slf4jImpl' adapter.
DEBUG - PooledDataSource forcefully closed/removed all connections.
DEBUG - PooledDataSource forcefully closed/removed all connections.
DEBUG - PooledDataSource forcefully closed/removed all connections.
DEBUG - PooledDataSource forcefully closed/removed all connections.
DEBUG - Logging initialized using 'class org.apache.ibatis.logging.slf4j.Slf4jImpl' adapter.
DEBUG - PooledDataSource forcefully closed/removed all connections.
DEBUG - PooledDataSource forcefully closed/removed all connections.
DEBUG - PooledDataSource forcefully closed/removed all connections.
DEBUG - PooledDataSource forcefully closed/removed all connections.
DEBUG - Opening JDBC Connection
DEBUG - Created connection 2037307038.
DEBUG - Setting autocommit to false on JDBC Connection [com.mysql.jdbc.JDBC4Connection@796ed69e]
DEBUG - ==>  Preparing: select * from user where id = ? 
DEBUG - ==> Parameters: admin(String)
DEBUG - <==      Total: 1
DEBUG - Resetting autocommit to true on JDBC Connection [com.mysql.jdbc.JDBC4Connection@796ed69e]
DEBUG - Closing JDBC Connection [com.mysql.jdbc.JDBC4Connection@796ed69e]
DEBUG - Returned connection 2037307038 to pool.
DEBUG - Logging initialized using 'class org.apache.ibatis.logging.slf4j.Slf4jImpl' adapter.
DEBUG - PooledDataSource forcefully closed/removed all connections.
DEBUG - PooledDataSource forcefully closed/removed all connections.
DEBUG - PooledDataSource forcefully closed/removed all connections.
DEBUG - PooledDataSource forcefully closed/removed all connections.
DEBUG - Logging initialized using 'class org.apache.ibatis.logging.slf4j.Slf4jImpl' adapter.
DEBUG - PooledDataSource forcefully closed/removed all connections.
DEBUG - PooledDataSource forcefully closed/removed all connections.
DEBUG - PooledDataSource forcefully closed/removed all connections.
DEBUG - PooledDataSource forcefully closed/removed all connections.
DEBUG - Logging initialized using 'class org.apache.ibatis.logging.slf4j.Slf4jImpl' adapter.
DEBUG - PooledDataSource forcefully closed/removed all connections.
DEBUG - PooledDataSource forcefully closed/removed all connections.
DEBUG - PooledDataSource forcefully closed/removed all connections.
DEBUG - PooledDataSource forcefully closed/removed all connections.
DEBUG - Opening JDBC Connection
DEBUG - Created connection 648283655.
DEBUG - Setting autocommit to false on JDBC Connection [com.mysql.jdbc.JDBC4Connection@26a40607]
DEBUG - ==>  Preparing: SELECT * FROM user WHERE id = ? 
DEBUG - ==> Parameters: admin(String)
DEBUG - <==      Total: 1
DEBUG - Logging initialized using 'class org.apache.ibatis.logging.slf4j.Slf4jImpl' adapter.
DEBUG - PooledDataSource forcefully closed/removed all connections.
DEBUG - PooledDataSource forcefully closed/removed all connections.
DEBUG - PooledDataSource forcefully closed/removed all connections.
DEBUG - PooledDataSource forcefully closed/removed all connections.
DEBUG - Logging initialized using 'class org.apache.ibatis.logging.slf4j.Slf4jImpl' adapter.
DEBUG - PooledDataSource forcefully closed/removed all connections.
DEBUG - PooledDataSource forcefully closed/removed all connections.
DEBUG - PooledDataSource forcefully closed/removed all connections.
DEBUG - PooledDataSource forcefully closed/removed all connections.
DEBUG - Logging initialized using 'class org.apache.ibatis.logging.slf4j.Slf4jImpl' adapter.
DEBUG - PooledDataSource forcefully closed/removed all connections.
DEBUG - PooledDataSource forcefully closed/removed all connections.
DEBUG - PooledDataSource forcefully closed/removed all connections.
DEBUG - PooledDataSource forcefully closed/removed all connections.
DEBUG - Logging initialized using 'class org.apache.ibatis.logging.slf4j.Slf4jImpl' adapter.
DEBUG - PooledDataSource forcefully closed/removed all connections.
DEBUG - PooledDataSource forcefully closed/removed all connections.
DEBUG - PooledDataSource forcefully closed/removed all connections.
DEBUG - PooledDataSource forcefully closed/removed all connections.
DEBUG - Logging initialized using 'class org.apache.ibatis.logging.slf4j.Slf4jImpl' adapter.
DEBUG - PooledDataSource forcefully closed/removed all connections.
DEBUG - PooledDataSource forcefully closed/removed all connections.
DEBUG - PooledDataSource forcefully closed/removed all connections.
DEBUG - PooledDataSource forcefully closed/removed all connections.
DEBUG - Logging initialized using 'class org.apache.ibatis.logging.slf4j.Slf4jImpl' adapter.
DEBUG - PooledDataSource forcefully closed/removed all connections.
DEBUG - PooledDataSource forcefully closed/removed all connections.
DEBUG - PooledDataSource forcefully closed/removed all connections.
DEBUG - PooledDataSource forcefully closed/removed all connections.
DEBUG - Logging initialized using 'class org.apache.ibatis.logging.slf4j.Slf4jImpl' adapter.
DEBUG - PooledDataSource forcefully closed/removed all connections.
DEBUG - PooledDataSource forcefully closed/removed all connections.
DEBUG - PooledDataSource forcefully closed/removed all connections.
DEBUG - PooledDataSource forcefully closed/removed all connections.
DEBUG - Opening JDBC Connection
DEBUG - Created connection 461706877.
DEBUG - Setting autocommit to false on JDBC Connection [com.mysql.jdbc.JDBC4Connection@1b85167d]
DEBUG - ==>  Preparing: select * from user where id = ? 
DEBUG - ==> Parameters: admin(String)
DEBUG - <==      Total: 1
DEBUG - Logging initialized using 'class org.apache.ibatis.logging.slf4j.Slf4jImpl' adapter.
DEBUG - PooledDataSource forcefully closed/removed all connections.
DEBUG - PooledDataSource forcefully closed/removed all connections.
DEBUG - PooledDataSource forcefully closed/removed all connections.
DEBUG - PooledDataSource forcefully closed/removed all connections.
DEBUG - Opening JDBC Connection
DEBUG - Created connection 1049065128.
DEBUG - Setting autocommit to false on JDBC Connection [com.mysql.jdbc.JDBC4Connection@3e8776a8]
DEBUG - ==>  Preparing: select * from user where id = ? 
DEBUG - ==> Parameters: admin(String)
DEBUG - <==      Total: 1
DEBUG - Logging initialized using 'class org.apache.ibatis.logging.slf4j.Slf4jImpl' adapter.
DEBUG - PooledDataSource forcefully closed/removed all connections.
DEBUG - PooledDataSource forcefully closed/removed all connections.
DEBUG - PooledDataSource forcefully closed/removed all connections.
DEBUG - PooledDataSource forcefully closed/removed all connections.
DEBUG - Opening JDBC Connection
DEBUG - Created connection 1192385090.
DEBUG - Setting autocommit to false on JDBC Connection [com.mysql.jdbc.JDBC4Connection@47125a42]
DEBUG - ==>  Preparing: select * from user where id = ? 
DEBUG - ==> Parameters: admin(String)
DEBUG - <==      Total: 1
DEBUG - ==>  Preparing: select * from user 
DEBUG - ==> Parameters: 
DEBUG - <==      Total: 1
DEBUG - Logging initialized using 'class org.apache.ibatis.logging.slf4j.Slf4jImpl' adapter.
DEBUG - PooledDataSource forcefully closed/removed all connections.
DEBUG - PooledDataSource forcefully closed/removed all connections.
DEBUG - PooledDataSource forcefully closed/removed all connections.
DEBUG - PooledDataSource forcefully closed/removed all connections.
DEBUG - Opening JDBC Connection
DEBUG - Created connection 1192385090.
DEBUG - Setting autocommit to false on JDBC Connection [com.mysql.jdbc.JDBC4Connection@47125a42]
DEBUG - ==>  Preparing: select * from user where id = ? 
DEBUG - ==> Parameters: admin(String)
DEBUG - <==      Total: 1
DEBUG - ==>  Preparing: select * from user 
DEBUG - ==> Parameters: 
DEBUG - <==      Total: 3
DEBUG - Logging initialized using 'class org.apache.ibatis.logging.slf4j.Slf4jImpl' adapter.
DEBUG - PooledDataSource forcefully closed/removed all connections.
DEBUG - PooledDataSource forcefully closed/removed all connections.
DEBUG - PooledDataSource forcefully closed/removed all connections.
DEBUG - PooledDataSource forcefully closed/removed all connections.
DEBUG - Opening JDBC Connection
DEBUG - Created connection 98813826.
DEBUG - Setting autocommit to false on JDBC Connection [com.mysql.jdbc.JDBC4Connection@5e3c782]
DEBUG - ==>  Preparing: select * from user where id = ? 
DEBUG - ==> Parameters: admin(String)
DEBUG - <==      Total: 1
DEBUG - ==>  Preparing: select * from user 
DEBUG - ==> Parameters: 
DEBUG - <==      Total: 3
DEBUG - Logging initialized using 'class org.apache.ibatis.logging.slf4j.Slf4jImpl' adapter.
DEBUG - PooledDataSource forcefully closed/removed all connections.
DEBUG - PooledDataSource forcefully closed/removed all connections.
DEBUG - PooledDataSource forcefully closed/removed all connections.
DEBUG - PooledDataSource forcefully closed/removed all connections.
DEBUG - Opening JDBC Connection
DEBUG - Created connection 98813826.
DEBUG - Setting autocommit to false on JDBC Connection [com.mysql.jdbc.JDBC4Connection@5e3c782]
DEBUG - ==>  Preparing: select * from user where id = ? 
DEBUG - ==> Parameters: admin(String)
DEBUG - <==      Total: 1
DEBUG - Logging initialized using 'class org.apache.ibatis.logging.slf4j.Slf4jImpl' adapter.
DEBUG - PooledDataSource forcefully closed/removed all connections.
DEBUG - PooledDataSource forcefully closed/removed all connections.
DEBUG - PooledDataSource forcefully closed/removed all connections.
DEBUG - PooledDataSource forcefully closed/removed all connections.
DEBUG - Opening JDBC Connection
DEBUG - Created connection 98813826.
DEBUG - Setting autocommit to false on JDBC Connection [com.mysql.jdbc.JDBC4Connection@5e3c782]
DEBUG - ==>  Preparing: select * from user where id = ? 
DEBUG - ==> Parameters: admin(String)
DEBUG - <==      Total: 1
DEBUG - Logging initialized using 'class org.apache.ibatis.logging.slf4j.Slf4jImpl' adapter.
DEBUG - PooledDataSource forcefully closed/removed all connections.
DEBUG - PooledDataSource forcefully closed/removed all connections.
DEBUG - PooledDataSource forcefully closed/removed all connections.
DEBUG - PooledDataSource forcefully closed/removed all connections.
DEBUG - Opening JDBC Connection
DEBUG - Created connection 1192385090.
DEBUG - Setting autocommit to false on JDBC Connection [com.mysql.jdbc.JDBC4Connection@47125a42]
DEBUG - ==>  Preparing: select * from user where id = ? 
DEBUG - ==> Parameters: admin(String)
DEBUG - <==      Total: 1
DEBUG - Logging initialized using 'class org.apache.ibatis.logging.slf4j.Slf4jImpl' adapter.
DEBUG - PooledDataSource forcefully closed/removed all connections.
DEBUG - PooledDataSource forcefully closed/removed all connections.
DEBUG - PooledDataSource forcefully closed/removed all connections.
DEBUG - PooledDataSource forcefully closed/removed all connections.
DEBUG - Opening JDBC Connection
DEBUG - Created connection 1192385090.
DEBUG - Setting autocommit to false on JDBC Connection [com.mysql.jdbc.JDBC4Connection@47125a42]
DEBUG - ==>  Preparing: select * from user where id = ? 
DEBUG - ==> Parameters: admin(String)
DEBUG - <==      Total: 1
DEBUG - ==>  Preparing: select * from user 
DEBUG - ==> Parameters: 
DEBUG - <==      Total: 3
DEBUG - Logging initialized using 'class org.apache.ibatis.logging.slf4j.Slf4jImpl' adapter.
DEBUG - PooledDataSource forcefully closed/removed all connections.
DEBUG - PooledDataSource forcefully closed/removed all connections.
DEBUG - PooledDataSource forcefully closed/removed all connections.
DEBUG - PooledDataSource forcefully closed/removed all connections.
DEBUG - Opening JDBC Connection
DEBUG - Created connection 1192385090.
DEBUG - Setting autocommit to false on JDBC Connection [com.mysql.jdbc.JDBC4Connection@47125a42]
DEBUG - ==>  Preparing: select * from user where id = ? 
DEBUG - ==> Parameters: admin(String)
DEBUG - <==      Total: 1
DEBUG - ==>  Preparing: select * from user 
DEBUG - ==> Parameters: 
DEBUG - <==      Total: 3
DEBUG - Logging initialized using 'class org.apache.ibatis.logging.slf4j.Slf4jImpl' adapter.
DEBUG - PooledDataSource forcefully closed/removed all connections.
DEBUG - PooledDataSource forcefully closed/removed all connections.
DEBUG - PooledDataSource forcefully closed/removed all connections.
DEBUG - PooledDataSource forcefully closed/removed all connections.
DEBUG - Opening JDBC Connection
DEBUG - Created connection 98813826.
DEBUG - Setting autocommit to false on JDBC Connection [com.mysql.jdbc.JDBC4Connection@5e3c782]
DEBUG - ==>  Preparing: select * from user where id = ? 
DEBUG - ==> Parameters: admin(String)
DEBUG - <==      Total: 1
DEBUG - Logging initialized using 'class org.apache.ibatis.logging.slf4j.Slf4jImpl' adapter.
DEBUG - PooledDataSource forcefully closed/removed all connections.
DEBUG - PooledDataSource forcefully closed/removed all connections.
DEBUG - PooledDataSource forcefully closed/removed all connections.
DEBUG - PooledDataSource forcefully closed/removed all connections.
DEBUG - Opening JDBC Connection
DEBUG - Created connection 98813826.
DEBUG - Setting autocommit to false on JDBC Connection [com.mysql.jdbc.JDBC4Connection@5e3c782]
DEBUG - ==>  Preparing: select * from user where id = ? 
DEBUG - ==> Parameters: admin(String)
DEBUG - <==      Total: 1
DEBUG - ==>  Preparing: select * from user 
DEBUG - ==> Parameters: 
DEBUG - <==      Total: 3
